# JRE version: OpenJDK Runtime Environment (8.0_152-b26) (build 1.8.0_152-release-1343-b26)
# Java VM: OpenJDK 64-Bit Server VM (25.152-b26 mixed mode windows-amd64 compressed oops)
Heap:
 par new generation   total 39296K, used 17456K [0x00000000d1200000, 0x00000000d3ca0000, 0x00000000e0c00000)
  eden space 34944K,  47% used [0x00000000d1200000, 0x00000000d220fa18, 0x00000000d3420000)
  from space 4352K,  23% used [0x00000000d3420000, 0x00000000d351c5e8, 0x00000000d3860000)
  to   space 4352K,   0% used [0x00000000d3860000, 0x00000000d3860000, 0x00000000d3ca0000)
 concurrent mark-sweep generation total 272576K, used 181373K [0x00000000e0c00000, 0x00000000f1630000, 0x0000000100000000)
 Metaspace       used 251924K, capacity 269383K, committed 269484K, reserved 1284096K
  class space    used 30908K, capacity 34254K, committed 34320K, reserved 1048576K
GC Heap History (10 events):
Event: 45064.024 GC heap before
{Heap before GC invocations=5265 (full 19):
 par new generation   total 39296K, used 37134K [0x00000000d1200000, 0x00000000d3ca0000, 0x00000000e0c00000)
  eden space 34944K, 100% used [0x00000000d1200000, 0x00000000d3420000, 0x00000000d3420000)
  from space 4352K,  50% used [0x00000000d3860000, 0x00000000d3a83af0, 0x00000000d3ca0000)
  to   space 4352K,   0% used [0x00000000d3420000, 0x00000000d3420000, 0x00000000d3860000)
 concurrent mark-sweep generation total 272576K, used 181073K [0x00000000e0c00000, 0x00000000f1630000, 0x0000000100000000)
 Metaspace       used 251821K, capacity 269315K, committed 269484K, reserved 1284096K
  class space    used 30899K, capacity 34242K, committed 34320K, reserved 1048576K
Event: 45064.030 GC heap after
Heap after GC invocations=5266 (full 19):
 par new generation   total 39296K, used 1787K [0x00000000d1200000, 0x00000000d3ca0000, 0x00000000e0c00000)
  eden space 34944K,   0% used [0x00000000d1200000, 0x00000000d1200000, 0x00000000d3420000)
  from space 4352K,  41% used [0x00000000d3420000, 0x00000000d35dec40, 0x00000000d3860000)
  to   space 4352K,   0% used [0x00000000d3860000, 0x00000000d3860000, 0x00000000d3ca0000)
 concurrent mark-sweep generation total 272576K, used 181081K [0x00000000e0c00000, 0x00000000f1630000, 0x0000000100000000)
 Metaspace       used 251821K, capacity 269315K, committed 269484K, reserved 1284096K
  class space    used 30899K, capacity 34242K, committed 34320K, reserved 1048576K
}
Event: 51818.254 GC heap before
{Heap before GC invocations=5266 (full 19):
 par new generation   total 39296K, used 36731K [0x00000000d1200000, 0x00000000d3ca0000, 0x00000000e0c00000)
  eden space 34944K, 100% used [0x00000000d1200000, 0x00000000d3420000, 0x00000000d3420000)
  from space 4352K,  41% used [0x00000000d3420000, 0x00000000d35dec40, 0x00000000d3860000)
  to   space 4352K,   0% used [0x00000000d3860000, 0x00000000d3860000, 0x00000000d3ca0000)
 concurrent mark-sweep generation total 272576K, used 181081K [0x00000000e0c00000, 0x00000000f1630000, 0x0000000100000000)
 Metaspace       used 251837K, capacity 269327K, committed 269484K, reserved 1284096K
  class space    used 30900K, capacity 34244K, committed 34320K, reserved 1048576K
Event: 51818.265 GC heap after
Heap after GC invocations=5267 (full 19):
 par new generation   total 39296K, used 2493K [0x00000000d1200000, 0x00000000d3ca0000, 0x00000000e0c00000)
  eden space 34944K,   0% used [0x00000000d1200000, 0x00000000d1200000, 0x00000000d3420000)
  from space 4352K,  57% used [0x00000000d3860000, 0x00000000d3acf640, 0x00000000d3ca0000)
  to   space 4352K,   0% used [0x00000000d3420000, 0x00000000d3420000, 0x00000000d3860000)
 concurrent mark-sweep generation total 272576K, used 181087K [0x00000000e0c00000, 0x00000000f1630000, 0x0000000100000000)
 Metaspace       used 251837K, capacity 269327K, committed 269484K, reserved 1284096K
  class space    used 30900K, capacity 34244K, committed 34320K, reserved 1048576K
}
Event: 60258.039 GC heap before
{Heap before GC invocations=5267 (full 19):
 par new generation   total 39296K, used 37437K [0x00000000d1200000, 0x00000000d3ca0000, 0x00000000e0c00000)
  eden space 34944K, 100% used [0x00000000d1200000, 0x00000000d3420000, 0x00000000d3420000)
  from space 4352K,  57% used [0x00000000d3860000, 0x00000000d3acf640, 0x00000000d3ca0000)
  to   space 4352K,   0% used [0x00000000d3420000, 0x00000000d3420000, 0x00000000d3860000)
 concurrent mark-sweep generation total 272576K, used 181087K [0x00000000e0c00000, 0x00000000f1630000, 0x0000000100000000)
 Metaspace       used 251853K, capacity 269327K, committed 269484K, reserved 1284096K
  class space    used 30900K, capacity 34244K, committed 34320K, reserved 1048576K
Event: 60258.046 GC heap after
Heap after GC invocations=5268 (full 19):
 par new generation   total 39296K, used 1339K [0x00000000d1200000, 0x00000000d3ca0000, 0x00000000e0c00000)
  eden space 34944K,   0% used [0x00000000d1200000, 0x00000000d1200000, 0x00000000d3420000)
  from space 4352K,  30% used [0x00000000d3420000, 0x00000000d356ede8, 0x00000000d3860000)
  to   space 4352K,   0% used [0x00000000d3860000, 0x00000000d3860000, 0x00000000d3ca0000)
 concurrent mark-sweep generation total 272576K, used 181139K [0x00000000e0c00000, 0x00000000f1630000, 0x0000000100000000)
 Metaspace       used 251853K, capacity 269327K, committed 269484K, reserved 1284096K
  class space    used 30900K, capacity 34244K, committed 34320K, reserved 1048576K
}
Event: 67164.408 GC heap before
{Heap before GC invocations=5268 (full 19):
 par new generation   total 39296K, used 36283K [0x00000000d1200000, 0x00000000d3ca0000, 0x00000000e0c00000)
  eden space 34944K, 100% used [0x00000000d1200000, 0x00000000d3420000, 0x00000000d3420000)
  from space 4352K,  30% used [0x00000000d3420000, 0x00000000d356ede8, 0x00000000d3860000)
  to   space 4352K,   0% used [0x00000000d3860000, 0x00000000d3860000, 0x00000000d3ca0000)
 concurrent mark-sweep generation total 272576K, used 181139K [0x00000000e0c00000, 0x00000000f1630000, 0x0000000100000000)
 Metaspace       used 251879K, capacity 269351K, committed 269484K, reserved 1284096K
  class space    used 30903K, capacity 34248K, committed 34320K, reserved 1048576K
Event: 67164.416 GC heap after
Heap after GC invocations=5269 (full 19):
 par new generation   total 39296K, used 1394K [0x00000000d1200000, 0x00000000d3ca0000, 0x00000000e0c00000)
  eden space 34944K,   0% used [0x00000000d1200000, 0x00000000d1200000, 0x00000000d3420000)
  from space 4352K,  32% used [0x00000000d3860000, 0x00000000d39bcb18, 0x00000000d3ca0000)
  to   space 4352K,   0% used [0x00000000d3420000, 0x00000000d3420000, 0x00000000d3860000)
 concurrent mark-sweep generation total 272576K, used 181350K [0x00000000e0c00000, 0x00000000f1630000, 0x0000000100000000)
 Metaspace       used 251879K, capacity 269351K, committed 269484K, reserved 1284096K
  class space    used 30903K, capacity 34248K, committed 34320K, reserved 1048576K
}
Event: 75318.951 GC heap before
{Heap before GC invocations=5269 (full 19):
 par new generation   total 39296K, used 36338K [0x00000000d1200000, 0x00000000d3ca0000, 0x00000000e0c00000)
  eden space 34944K, 100% used [0x00000000d1200000, 0x00000000d3420000, 0x00000000d3420000)
  from space 4352K,  32% used [0x00000000d3860000, 0x00000000d39bcb18, 0x00000000d3ca0000)
  to   space 4352K,   0% used [0x00000000d3420000, 0x00000000d3420000, 0x00000000d3860000)
 concurrent mark-sweep generation total 272576K, used 181350K [0x00000000e0c00000, 0x00000000f1630000, 0x0000000100000000)
 Metaspace       used 251892K, capacity 269351K, committed 269484K, reserved 1284096K
  class space    used 30903K, capacity 34248K, committed 34320K, reserved 1048576K
Event: 75318.960 GC heap after
Heap after GC invocations=5270 (full 19):
 par new generation   total 39296K, used 1009K [0x00000000d1200000, 0x00000000d3ca0000, 0x00000000e0c00000)
  eden space 34944K,   0% used [0x00000000d1200000, 0x00000000d1200000, 0x00000000d3420000)
  from space 4352K,  23% used [0x00000000d3420000, 0x00000000d351c5e8, 0x00000000d3860000)
  to   space 4352K,   0% used [0x00000000d3860000, 0x00000000d3860000, 0x00000000d3ca0000)
 concurrent mark-sweep generation total 272576K, used 181373K [0x00000000e0c00000, 0x00000000f1630000, 0x0000000100000000)
 Metaspace       used 251892K, capacity 269351K, committed 269484K, reserved 1284096K
  class space    used 30903K, capacity 34248K, committed 34320K, reserved 1048576K
}

